<?xml version="1.0" encoding="utf-8"?><testsuites name="pytest tests"><testsuite name="pytest" errors="0" failures="0" skipped="0" tests="14" time="2.025" timestamp="2026-04-17T13:01:04.436879+00:00" hostname="agent-env-66e3231c-1fca-464b-bca0-187ae7fd1823"><testcase classname="backend.tests.test_iteration13.TestSystemEndpoints" name="test_health_check" time="0.154" /><testcase classname="backend.tests.test_iteration13.TestSystemEndpoints" name="test_engine_status" time="0.117" /><testcase classname="backend.tests.test_iteration13.TestOracleEndpoints" name="test_daily_oracle" time="0.119" /><testcase classname="backend.tests.test_iteration13.TestOracleEndpoints" name="test_oracle_feed" time="0.111" /><testcase classname="backend.tests.test_iteration13.TestVedicEndpoints" name="test_vedic_birth_chart" time="0.140" /><testcase classname="backend.tests.test_iteration13.TestWesternEndpoints" name="test_western_birth_chart" time="0.135" /><testcase classname="backend.tests.test_iteration13.TestChineseEndpoints" name="test_chinese_calculate" time="0.115" /><testcase classname="backend.tests.test_iteration13.TestNumerologyEndpoints" name="test_numerology_calculate" time="0.121" /><testcase classname="backend.tests.test_iteration13.TestTarotEndpoints" name="test_tarot_reading" time="0.119" /><testcase classname="backend.tests.test_iteration13.TestSynthesisEndpoints" name="test_sovereign_verdict" time="0.112" /><testcase classname="backend.tests.test_iteration13.TestNotificationEndpoints" name="test_vapid_key" time="0.120" /><testcase classname="backend.tests.test_iteration13.TestNotificationEndpoints" name="test_notification_subscribe" time="0.165" /><testcase classname="backend.tests.test_iteration13.TestNotificationEndpoints" name="test_notification_unsubscribe" time="0.275" /><testcase classname="backend.tests.test_iteration13.TestNotificationEndpoints" name="test_notification_stats" time="0.125" /></testsuite></testsuites>