<?xml version="1.0" encoding="utf-8"?><testsuites name="pytest tests"><testsuite name="pytest" errors="0" failures="0" skipped="0" tests="5" time="0.841" timestamp="2026-04-17T13:35:00.154769+00:00" hostname="agent-env-66e3231c-1fca-464b-bca0-187ae7fd1823"><testcase classname="backend.tests.test_iteration15.TestBackendHealth" name="test_health_endpoint" time="0.238" /><testcase classname="backend.tests.test_iteration15.TestDailyOracle" name="test_daily_oracle_returns_swiss_ephemeris_data" time="0.119" /><testcase classname="backend.tests.test_iteration15.TestPDFGeneration" name="test_chart_pdf_generates_valid_pdf" time="0.138" /><testcase classname="backend.tests.test_iteration15.TestNotifications" name="test_vapid_key_returns_real_key" time="0.164" /><testcase classname="backend.tests.test_iteration15.TestVedicBirthChart" name="test_vedic_birth_chart_returns_data" time="0.111" /></testsuite></testsuites>