<?xml version="1.0" encoding="utf-8"?><testsuites name="pytest tests"><testsuite name="pytest" errors="0" failures="0" skipped="0" tests="10" time="3.826" timestamp="2026-04-17T12:47:35.532435+00:00" hostname="agent-env-66e3231c-1fca-464b-bca0-187ae7fd1823"><testcase classname="backend.tests.test_iteration12.TestHealthAndBasicEndpoints" name="test_health_endpoint" time="0.141" /><testcase classname="backend.tests.test_iteration12.TestHealthAndBasicEndpoints" name="test_root_endpoint" time="0.468" /><testcase classname="backend.tests.test_iteration12.TestDailyOracleAPI" name="test_daily_oracle_returns_data" time="0.113" /><testcase classname="backend.tests.test_iteration12.TestOracleFeedAPI" name="test_oracle_feed_returns_data" time="0.106" /><testcase classname="backend.tests.test_iteration12.TestDailyTarotCard" name="test_daily_tarot_card" time="0.131" /><testcase classname="backend.tests.test_iteration12.TestVedicChartAPI" name="test_vedic_birth_chart" time="0.125" /><testcase classname="backend.tests.test_iteration12.TestNumerologyAPI" name="test_numerology_calculate" time="0.112" /><testcase classname="backend.tests.test_iteration12.TestTarotReadingAPI" name="test_tarot_reading" time="0.160" /><testcase classname="backend.tests.test_iteration12.TestAccuracyLabAPI" name="test_engine_status" time="0.114" /><testcase classname="backend.tests.test_iteration12.TestAlphaBriefingAPI" name="test_alpha_briefing" time="2.253" /></testsuite></testsuites>