<?xml version="1.0" encoding="utf-8"?><testsuites name="pytest tests"><testsuite name="pytest" errors="0" failures="0" skipped="0" tests="30" time="7.612" timestamp="2026-03-30T16:06:52.288499+00:00" hostname="agent-env-66e3231c-1fca-464b-bca0-187ae7fd1823"><testcase classname="backend.tests.test_sensory_ui_upgrade.TestVocalOracleAPI" name="test_vocal_oracle_success" time="1.711" /><testcase classname="backend.tests.test_sensory_ui_upgrade.TestVocalOracleAPI" name="test_vocal_oracle_missing_fields" time="0.156" /><testcase classname="backend.tests.test_sensory_ui_upgrade.TestVocalOracleAPI" name="test_vocal_oracle_different_user" time="2.329" /><testcase classname="backend.tests.test_sensory_ui_upgrade.TestOracleFeedAPI" name="test_oracle_feed_success" time="0.124" /><testcase classname="backend.tests.test_sensory_ui_upgrade.TestOracleFeedAPI" name="test_oracle_feed_transit_data_structure" time="0.113" /><testcase classname="backend.tests.test_sensory_ui_upgrade.TestPanchaPakshiAPI" name="test_pancha_pakshi_success" time="0.117" /><testcase classname="backend.tests.test_sensory_ui_upgrade.TestHealthAndEngineStatus" name="test_health_check" time="0.106" /><testcase classname="backend.tests.test_sensory_ui_upgrade.TestHealthAndEngineStatus" name="test_engine_status" time="0.187" /><testcase classname="backend.tests.test_sensory_ui_upgrade.TestVedicChartAPI" name="test_vedic_birth_chart" time="0.124" /><testcase classname="backend.tests.test_zenith_oracle_apis.TestHealthEndpoint" name="test_health_check" time="0.135" /><testcase classname="backend.tests.test_zenith_oracle_apis.TestOracleFeedEndpoint" name="test_oracle_feed_returns_200" time="0.141" /><testcase classname="backend.tests.test_zenith_oracle_apis.TestOracleFeedEndpoint" name="test_oracle_feed_structure" time="0.186" /><testcase classname="backend.tests.test_zenith_oracle_apis.TestOracleFeedEndpoint" name="test_oracle_feed_transit_alerts" time="0.112" /><testcase classname="backend.tests.test_zenith_oracle_apis.TestOracleFeedEndpoint" name="test_oracle_feed_psychic_update" time="0.121" /><testcase classname="backend.tests.test_zenith_oracle_apis.TestOracleFeedEndpoint" name="test_oracle_feed_historical_parallels" time="0.127" /><testcase classname="backend.tests.test_zenith_oracle_apis.TestOracleFeedEndpoint" name="test_oracle_feed_current_transits" time="0.107" /><testcase classname="backend.tests.test_zenith_oracle_apis.TestPanchaPakshiEndpoint" name="test_pancha_pakshi_returns_200" time="0.144" /><testcase classname="backend.tests.test_zenith_oracle_apis.TestPanchaPakshiEndpoint" name="test_pancha_pakshi_response_structure" time="0.113" /><testcase classname="backend.tests.test_zenith_oracle_apis.TestPanchaPakshiEndpoint" name="test_pancha_pakshi_bird_data" time="0.112" /><testcase classname="backend.tests.test_zenith_oracle_apis.TestPanchaPakshiEndpoint" name="test_pancha_pakshi_nakshatra_pada" time="0.126" /><testcase classname="backend.tests.test_zenith_oracle_apis.TestPanchaPakshiEndpoint" name="test_pancha_pakshi_strategic_guidance" time="0.113" /><testcase classname="backend.tests.test_zenith_oracle_apis.TestNakshatraPadasEndpoint" name="test_nakshatra_padas_returns_200" time="0.116" /><testcase classname="backend.tests.test_zenith_oracle_apis.TestNakshatraPadasEndpoint" name="test_nakshatra_padas_structure" time="0.118" /><testcase classname="backend.tests.test_zenith_oracle_apis.TestNakshatraPadasEndpoint" name="test_nakshatra_padas_detail" time="0.115" /><testcase classname="backend.tests.test_zenith_oracle_apis.TestNakshatraPadasEndpoint" name="test_nakshatra_padas_moon_data" time="0.109" /><testcase classname="backend.tests.test_zenith_oracle_apis.TestVedicBirthChartEndpoint" name="test_vedic_birth_chart_returns_200" time="0.115" /><testcase classname="backend.tests.test_zenith_oracle_apis.TestVedicBirthChartEndpoint" name="test_vedic_birth_chart_structure" time="0.130" /><testcase classname="backend.tests.test_zenith_oracle_apis.TestInputValidation" name="test_pancha_pakshi_missing_name" time="0.108" /><testcase classname="backend.tests.test_zenith_oracle_apis.TestInputValidation" name="test_pancha_pakshi_invalid_date_format" time="0.106" /><testcase classname="backend.tests.test_zenith_oracle_apis.TestInputValidation" name="test_pancha_pakshi_invalid_latitude" time="0.109" /></testsuite></testsuites>