<?xml version="1.0" encoding="utf-8"?><testsuites name="pytest tests"><testsuite name="pytest" errors="0" failures="0" skipped="0" tests="27" time="3.004" timestamp="2026-03-31T10:55:44.208941+00:00" hostname="agent-env-66e3231c-1fca-464b-bca0-187ae7fd1823"><testcase classname="backend.tests.test_synthesis_engine.TestSovereignVerdict" name="test_sovereign_verdict_returns_200" time="0.166" /><testcase classname="backend.tests.test_synthesis_engine.TestSovereignVerdict" name="test_sovereign_verdict_structure" time="0.135" /><testcase classname="backend.tests.test_synthesis_engine.TestSovereignVerdict" name="test_sovereign_verdict_fields" time="0.105" /><testcase classname="backend.tests.test_synthesis_engine.TestSovereignVerdict" name="test_cross_module_links_for_saturn_dasha" time="0.106" /><testcase classname="backend.tests.test_synthesis_engine.TestSovereignVerdict" name="test_strategic_window_fields" time="0.120" /><testcase classname="backend.tests.test_synthesis_engine.TestSovereignVerdict" name="test_sovereign_identity_fields" time="0.097" /><testcase classname="backend.tests.test_synthesis_engine.TestAkashicEchoes" name="test_akashic_echoes_returns_200" time="0.100" /><testcase classname="backend.tests.test_synthesis_engine.TestAkashicEchoes" name="test_akashic_echoes_structure" time="0.108" /><testcase classname="backend.tests.test_synthesis_engine.TestAkashicEchoes" name="test_ketu_position_for_test_user" time="0.104" /><testcase classname="backend.tests.test_synthesis_engine.TestAkashicEchoes" name="test_eighth_house_fields" time="0.102" /><testcase classname="backend.tests.test_synthesis_engine.TestAkashicEchoes" name="test_pluto_position_fields" time="0.110" /><testcase classname="backend.tests.test_synthesis_engine.TestAkashicEchoes" name="test_scriptural_citations_present" time="0.102" /><testcase classname="backend.tests.test_synthesis_engine.TestDataIntegrity" name="test_data_integrity_returns_200" time="0.097" /><testcase classname="backend.tests.test_synthesis_engine.TestDataIntegrity" name="test_data_integrity_structure" time="0.108" /><testcase classname="backend.tests.test_synthesis_engine.TestDataIntegrity" name="test_vedic_sidereal_dms_format" time="0.100" /><testcase classname="backend.tests.test_synthesis_engine.TestDataIntegrity" name="test_western_tropical_dms_format" time="0.119" /><testcase classname="backend.tests.test_synthesis_engine.TestDataIntegrity" name="test_all_scriptural_sources_present" time="0.102" /><testcase classname="backend.tests.test_synthesis_engine.TestSovereignIdentity" name="test_sovereign_identity_returns_200" time="0.097" /><testcase classname="backend.tests.test_synthesis_engine.TestSovereignIdentity" name="test_sovereign_identity_structure" time="0.106" /><testcase classname="backend.tests.test_synthesis_engine.TestSovereignIdentity" name="test_bazi_element_valid" time="0.103" /><testcase classname="backend.tests.test_synthesis_engine.TestSovereignIdentity" name="test_western_rising_valid" time="0.118" /><testcase classname="backend.tests.test_synthesis_engine.TestSovereignIdentity" name="test_vedic_nakshatra_valid" time="0.096" /><testcase classname="backend.tests.test_synthesis_engine.TestSovereignIdentity" name="test_identity_summary_comprehensive" time="0.099" /><testcase classname="backend.tests.test_synthesis_engine.TestConflictResolution" name="test_conflict_resolution_alignment_types" time="0.103" /><testcase classname="backend.tests.test_synthesis_engine.TestConflictResolution" name="test_confidence_correlates_with_alignment" time="0.108" /><testcase classname="backend.tests.test_synthesis_engine.TestEdgeCases" name="test_missing_required_fields" time="0.102" /><testcase classname="backend.tests.test_synthesis_engine.TestEdgeCases" name="test_invalid_date_format" time="0.117" /></testsuite></testsuites>