<?xml version="1.0" encoding="utf-8"?><testsuites name="pytest tests"><testsuite name="pytest" errors="0" failures="0" skipped="0" tests="20" time="12.151" timestamp="2026-04-14T11:51:02.619811+00:00" hostname="agent-env-66e3231c-1fca-464b-bca0-187ae7fd1823"><testcase classname="backend.tests.test_p1_features.TestHealthAndRedis" name="test_health_endpoint_returns_200" time="0.378" /><testcase classname="backend.tests.test_p1_features.TestHealthAndRedis" name="test_redis_connected" time="0.484" /><testcase classname="backend.tests.test_p1_features.TestHealthAndRedis" name="test_mongodb_connected" time="0.273" /><testcase classname="backend.tests.test_p1_features.TestAlphaBriefing" name="test_alpha_briefing_basic" time="2.110" /><testcase classname="backend.tests.test_p1_features.TestAlphaBriefing" name="test_alpha_briefing_has_7_transits" time="2.212" /><testcase classname="backend.tests.test_p1_features.TestAlphaBriefing" name="test_alpha_briefing_with_birth_data" time="2.316" /><testcase classname="backend.tests.test_p1_features.TestAlphaBriefing" name="test_alpha_briefing_scripture_mentions_swiss_ephemeris" time="1.920" /><testcase classname="backend.tests.test_p1_features.TestDailyOracleRegression" name="test_daily_oracle_returns_200" time="0.100" /><testcase classname="backend.tests.test_p1_features.TestDailyOracleRegression" name="test_daily_oracle_has_required_fields" time="0.166" /><testcase classname="backend.tests.test_p1_features.TestDailyOracleRegression" name="test_daily_oracle_teaser_fields" time="0.101" /><testcase classname="backend.tests.test_p1_features.TestDailyOracleRegression" name="test_daily_oracle_extended_fields" time="0.120" /><testcase classname="backend.tests.test_p1_features.TestDailyTarotCardRegression" name="test_daily_tarot_card_returns_200" time="0.210" /><testcase classname="backend.tests.test_p1_features.TestDailyTarotCardRegression" name="test_daily_tarot_card_has_required_fields" time="0.344" /><testcase classname="backend.tests.test_p1_features.TestVedicChartRegression" name="test_vedic_birth_chart_returns_200" time="0.227" /><testcase classname="backend.tests.test_p1_features.TestVedicChartRegression" name="test_vedic_birth_chart_has_planets" time="0.109" /><testcase classname="backend.tests.test_p1_features.TestTarotReadingRegression" name="test_tarot_reading_returns_200" time="0.123" /><testcase classname="backend.tests.test_p1_features.TestTarotReadingRegression" name="test_tarot_reading_has_cards" time="0.201" /><testcase classname="backend.tests.test_p1_features.TestNumerologyRegression" name="test_numerology_calculate_returns_200" time="0.255" /><testcase classname="backend.tests.test_p1_features.TestNumerologyRegression" name="test_numerology_has_all_systems" time="0.173" /><testcase classname="backend.tests.test_p1_features.TestRootEndpoint" name="test_root_returns_200" time="0.229" /></testsuite></testsuites>