<?xml version="1.0" encoding="utf-8"?><testsuites name="pytest tests"><testsuite name="pytest" errors="0" failures="0" skipped="0" tests="12" time="2.057" timestamp="2026-03-31T11:36:44.207545+00:00" hostname="agent-env-66e3231c-1fca-464b-bca0-187ae7fd1823"><testcase classname="backend.tests.test_tarot_module.TestTarotReadingEndpoint" name="test_basic_tarot_reading_3_cards" time="0.282" /><testcase classname="backend.tests.test_tarot_module.TestTarotReadingEndpoint" name="test_tarot_reading_5_cards" time="0.122" /><testcase classname="backend.tests.test_tarot_module.TestTarotReadingEndpoint" name="test_all_reading_types" time="0.631" /><testcase classname="backend.tests.test_tarot_module.TestTarotReadingEndpoint" name="test_invalid_reading_type" time="0.099" /><testcase classname="backend.tests.test_tarot_module.TestTarotReadingEndpoint" name="test_num_cards_validation_below_minimum" time="0.100" /><testcase classname="backend.tests.test_tarot_module.TestTarotReadingEndpoint" name="test_num_cards_validation_above_maximum" time="0.100" /><testcase classname="backend.tests.test_tarot_module.TestTarotReadingEndpoint" name="test_personalized_reading_with_birth_data" time="0.112" /><testcase classname="backend.tests.test_tarot_module.TestTarotReadingEndpoint" name="test_reading_without_birth_data_has_null_personalization" time="0.104" /><testcase classname="backend.tests.test_tarot_module.TestTarotReadingEndpoint" name="test_love_reading_positions" time="0.096" /><testcase classname="backend.tests.test_tarot_module.TestTarotReadingEndpoint" name="test_energy_reading_positions" time="0.121" /><testcase classname="backend.tests.test_tarot_module.TestExistingEndpoints" name="test_health_endpoint" time="0.098" /><testcase classname="backend.tests.test_tarot_module.TestExistingEndpoints" name="test_oracle_feed_endpoint" time="0.107" /></testsuite></testsuites>