<?xml version="1.0" encoding="utf-8"?><testsuites name="pytest tests"><testsuite name="pytest" errors="0" failures="0" skipped="0" tests="11" time="1.370" timestamp="2026-03-31T11:06:01.296867+00:00" hostname="agent-env-66e3231c-1fca-464b-bca0-187ae7fd1823"><testcase classname="backend.tests.test_authenticity_engine.TestHealthAndBasics" name="test_health_endpoint" time="0.139" /><testcase classname="backend.tests.test_authenticity_engine.TestAkashicEchoesKarmicMission" name="test_akashic_echoes_returns_karmic_mission" time="0.109" /><testcase classname="backend.tests.test_authenticity_engine.TestAkashicEchoesKarmicMission" name="test_akashic_echoes_ketu_position_structure" time="0.099" /><testcase classname="backend.tests.test_authenticity_engine.TestOracleFeedLiveFormat" name="test_oracle_feed_returns_transit_alerts" time="0.147" /><testcase classname="backend.tests.test_authenticity_engine.TestVedicChartDMSFormat" name="test_vedic_chart_returns_dms_compatible_data" time="0.114" /><testcase classname="backend.tests.test_authenticity_engine.TestDataIntegrityEndpoint" name="test_data_integrity_returns_dms_format" time="0.112" /><testcase classname="backend.tests.test_authenticity_engine.TestDataIntegrityEndpoint" name="test_data_integrity_returns_scriptural_sources" time="0.108" /><testcase classname="backend.tests.test_authenticity_engine.TestSovereignVerdictConflictResolution" name="test_sovereign_verdict_returns_alignment" time="0.100" /><testcase classname="backend.tests.test_authenticity_engine.TestSovereignVerdictConflictResolution" name="test_sovereign_verdict_cross_module_links" time="0.111" /><testcase classname="backend.tests.test_authenticity_engine.TestTarotEndpoint" name="test_tarot_reading_returns_arcana_type" time="0.132" /><testcase classname="backend.tests.test_authenticity_engine.TestWesternChartEndpoint" name="test_western_chart_returns_planets" time="0.107" /></testsuite></testsuites>