<?xml version="1.0" encoding="utf-8"?><testsuites name="pytest tests"><testsuite name="pytest" errors="0" failures="0" skipped="0" tests="16" time="2.302" timestamp="2026-04-14T11:17:19.539470+00:00" hostname="agent-env-66e3231c-1fca-464b-bca0-187ae7fd1823"><testcase classname="backend.tests.test_free_model_transformation.TestHealthAndBasics" name="test_api_root" time="0.162" /><testcase classname="backend.tests.test_free_model_transformation.TestHealthAndBasics" name="test_health_check" time="0.102" /><testcase classname="backend.tests.test_free_model_transformation.TestPaymentRemoval" name="test_payment_create_order_removed" time="0.135" /><testcase classname="backend.tests.test_free_model_transformation.TestPaymentRemoval" name="test_payment_verify_removed" time="0.098" /><testcase classname="backend.tests.test_free_model_transformation.TestPaymentRemoval" name="test_subscription_endpoint_removed" time="0.114" /><testcase classname="backend.tests.test_free_model_transformation.TestCoreAstrologyAPIs" name="test_vedic_birth_chart" time="0.101" /><testcase classname="backend.tests.test_free_model_transformation.TestCoreAstrologyAPIs" name="test_western_birth_chart" time="0.120" /><testcase classname="backend.tests.test_free_model_transformation.TestCoreAstrologyAPIs" name="test_chinese_calculate" time="0.100" /><testcase classname="backend.tests.test_free_model_transformation.TestCoreAstrologyAPIs" name="test_numerology_calculate" time="0.107" /><testcase classname="backend.tests.test_free_model_transformation.TestCoreAstrologyAPIs" name="test_tarot_reading" time="0.109" /><testcase classname="backend.tests.test_free_model_transformation.TestCompatibilityAPIs" name="test_compatibility_vedic_for_two_people" time="0.252" /><testcase classname="backend.tests.test_free_model_transformation.TestCompatibilityAPIs" name="test_compatibility_numerology_for_two_people" time="0.252" /><testcase classname="backend.tests.test_free_model_transformation.TestCompatibilityAPIs" name="test_compatibility_chinese_for_two_people" time="0.201" /><testcase classname="backend.tests.test_free_model_transformation.TestOracleFeed" name="test_oracle_feed" time="0.137" /><testcase classname="backend.tests.test_free_model_transformation.TestAccuracyEngine" name="test_engine_status" time="0.103" /><testcase classname="backend.tests.test_free_model_transformation.TestPWAManifest" name="test_manifest_json" time="0.121" /></testsuite></testsuites>