<?xml version="1.0" encoding="utf-8"?><testsuites name="pytest tests"><testsuite name="pytest" errors="0" failures="0" skipped="0" tests="18" time="2.182" timestamp="2026-04-14T11:36:10.783576+00:00" hostname="agent-env-66e3231c-1fca-464b-bca0-187ae7fd1823"><testcase classname="backend.tests.test_daily_oracle_features.TestDailyOracleEndpoint" name="test_daily_oracle_returns_200" time="0.170" /><testcase classname="backend.tests.test_daily_oracle_features.TestDailyOracleEndpoint" name="test_daily_oracle_has_required_fields" time="0.102" /><testcase classname="backend.tests.test_daily_oracle_features.TestDailyOracleEndpoint" name="test_daily_oracle_energy_level_valid" time="0.121" /><testcase classname="backend.tests.test_daily_oracle_features.TestDailyOracleEndpoint" name="test_daily_oracle_teaser_fields" time="0.105" /><testcase classname="backend.tests.test_daily_oracle_features.TestDailyOracleEndpoint" name="test_daily_oracle_extended_fields" time="0.128" /><testcase classname="backend.tests.test_daily_oracle_features.TestDailyOracleEndpoint" name="test_daily_oracle_transits_has_7_planets" time="0.106" /><testcase classname="backend.tests.test_daily_oracle_features.TestDailyOracleEndpoint" name="test_daily_oracle_scripture_present" time="0.107" /><testcase classname="backend.tests.test_daily_oracle_features.TestDailyTarotCardEndpoint" name="test_daily_tarot_card_returns_200" time="0.108" /><testcase classname="backend.tests.test_daily_oracle_features.TestDailyTarotCardEndpoint" name="test_daily_tarot_card_has_required_fields" time="0.100" /><testcase classname="backend.tests.test_daily_oracle_features.TestDailyTarotCardEndpoint" name="test_daily_tarot_card_data_types" time="0.117" /><testcase classname="backend.tests.test_daily_oracle_features.TestPaymentRemoval" name="test_payment_create_order_returns_404" time="0.099" /><testcase classname="backend.tests.test_daily_oracle_features.TestPaymentRemoval" name="test_payment_verify_returns_404" time="0.100" /><testcase classname="backend.tests.test_daily_oracle_features.TestRegressionVedicBirthChart" name="test_vedic_birth_chart_works" time="0.126" /><testcase classname="backend.tests.test_daily_oracle_features.TestRegressionTarotReading" name="test_tarot_reading_works" time="0.102" /><testcase classname="backend.tests.test_daily_oracle_features.TestRegressionChineseCalculate" name="test_chinese_calculate_works" time="0.123" /><testcase classname="backend.tests.test_daily_oracle_features.TestRegressionNumerologyCalculate" name="test_numerology_calculate_works" time="0.102" /><testcase classname="backend.tests.test_daily_oracle_features.TestHealthAndRoot" name="test_health_endpoint" time="0.102" /><testcase classname="backend.tests.test_daily_oracle_features.TestHealthAndRoot" name="test_root_endpoint" time="0.105" /></testsuite></testsuites>