<?xml version="1.0" encoding="utf-8"?><testsuites name="pytest tests"><testsuite name="pytest" errors="0" failures="0" skipped="0" tests="11" time="2.109" timestamp="2026-04-17T13:21:02.345453+00:00" hostname="agent-env-66e3231c-1fca-464b-bca0-187ae7fd1823"><testcase classname="tests.test_iteration14.TestHealthAndVAPID" name="test_health_endpoint" time="0.292" /><testcase classname="tests.test_iteration14.TestHealthAndVAPID" name="test_vapid_key_returns_real_key" time="0.110" /><testcase classname="tests.test_iteration14.TestPushNotifications" name="test_subscribe_stores_subscription" time="0.111" /><testcase classname="tests.test_iteration14.TestPushNotifications" name="test_stats_returns_active_subscribers" time="0.233" /><testcase classname="tests.test_iteration14.TestPushNotifications" name="test_unsubscribe_deactivates_subscription" time="0.249" /><testcase classname="tests.test_iteration14.TestPushNotifications" name="test_dispatch_daily_sends_notifications" time="0.131" /><testcase classname="tests.test_iteration14.TestPDFGeneration" name="test_chart_pdf_generates_valid_pdf" time="0.122" /><testcase classname="tests.test_iteration14.TestAstrologyEndpoints" name="test_daily_oracle_returns_swiss_ephemeris_data" time="0.148" /><testcase classname="tests.test_iteration14.TestAstrologyEndpoints" name="test_vedic_birth_chart_returns_planets_and_ayanamsha" time="0.108" /><testcase classname="tests.test_iteration14.TestAstrologyEndpoints" name="test_synthesis_sovereign_verdict_returns_cross_system" time="0.152" /><testcase classname="tests.test_iteration14.TestCleanup" name="test_cleanup_test_subscriptions" time="0.358" /></testsuite></testsuites>