<?xml version="1.0" encoding="utf-8"?><testsuites name="pytest tests"><testsuite name="pytest" errors="0" failures="0" skipped="0" tests="11" time="1.392" timestamp="2026-03-31T11:45:28.147790+00:00" hostname="agent-env-66e3231c-1fca-464b-bca0-187ae7fd1823"><testcase classname="backend.tests.test_astrology_sections.TestHealthEndpoint" name="test_health_check" time="0.260" /><testcase classname="backend.tests.test_astrology_sections.TestVedicChartAPI" name="test_vedic_birth_chart_success" time="0.112" /><testcase classname="backend.tests.test_astrology_sections.TestVedicChartAPI" name="test_vedic_dasha_periods_success" time="0.094" /><testcase classname="backend.tests.test_astrology_sections.TestVedicChartAPI" name="test_vedic_pancha_pakshi_success" time="0.112" /><testcase classname="backend.tests.test_astrology_sections.TestWesternChartAPI" name="test_western_birth_chart_success" time="0.095" /><testcase classname="backend.tests.test_astrology_sections.TestChineseAstrologyAPI" name="test_chinese_calculate_success" time="0.103" /><testcase classname="backend.tests.test_astrology_sections.TestNumerologyAPI" name="test_numerology_calculate_success" time="0.093" /><testcase classname="backend.tests.test_astrology_sections.TestTarotRegression" name="test_tarot_reading_still_works" time="0.104" /><testcase classname="backend.tests.test_astrology_sections.TestInputValidation" name="test_vedic_missing_required_fields" time="0.112" /><testcase classname="backend.tests.test_astrology_sections.TestInputValidation" name="test_chinese_missing_birth_date" time="0.097" /><testcase classname="backend.tests.test_astrology_sections.TestInputValidation" name="test_numerology_missing_name" time="0.111" /></testsuite></testsuites>