<?xml version="1.0" encoding="utf-8"?><testsuites name="pytest tests"><testsuite name="pytest" errors="0" failures="0" skipped="0" tests="21" time="2.893" timestamp="2026-03-30T15:38:53.911876+00:00" hostname="agent-env-66e3231c-1fca-464b-bca0-187ae7fd1823"><testcase classname="tests.test_zenith_oracle_apis.TestHealthEndpoint" name="test_health_check" time="0.299" /><testcase classname="tests.test_zenith_oracle_apis.TestOracleFeedEndpoint" name="test_oracle_feed_returns_200" time="0.153" /><testcase classname="tests.test_zenith_oracle_apis.TestOracleFeedEndpoint" name="test_oracle_feed_structure" time="0.110" /><testcase classname="tests.test_zenith_oracle_apis.TestOracleFeedEndpoint" name="test_oracle_feed_transit_alerts" time="0.141" /><testcase classname="tests.test_zenith_oracle_apis.TestOracleFeedEndpoint" name="test_oracle_feed_psychic_update" time="0.146" /><testcase classname="tests.test_zenith_oracle_apis.TestOracleFeedEndpoint" name="test_oracle_feed_historical_parallels" time="0.123" /><testcase classname="tests.test_zenith_oracle_apis.TestOracleFeedEndpoint" name="test_oracle_feed_current_transits" time="0.182" /><testcase classname="tests.test_zenith_oracle_apis.TestPanchaPakshiEndpoint" name="test_pancha_pakshi_returns_200" time="0.102" /><testcase classname="tests.test_zenith_oracle_apis.TestPanchaPakshiEndpoint" name="test_pancha_pakshi_response_structure" time="0.147" /><testcase classname="tests.test_zenith_oracle_apis.TestPanchaPakshiEndpoint" name="test_pancha_pakshi_bird_data" time="0.136" /><testcase classname="tests.test_zenith_oracle_apis.TestPanchaPakshiEndpoint" name="test_pancha_pakshi_nakshatra_pada" time="0.112" /><testcase classname="tests.test_zenith_oracle_apis.TestPanchaPakshiEndpoint" name="test_pancha_pakshi_strategic_guidance" time="0.125" /><testcase classname="tests.test_zenith_oracle_apis.TestNakshatraPadasEndpoint" name="test_nakshatra_padas_returns_200" time="0.115" /><testcase classname="tests.test_zenith_oracle_apis.TestNakshatraPadasEndpoint" name="test_nakshatra_padas_structure" time="0.108" /><testcase classname="tests.test_zenith_oracle_apis.TestNakshatraPadasEndpoint" name="test_nakshatra_padas_detail" time="0.115" /><testcase classname="tests.test_zenith_oracle_apis.TestNakshatraPadasEndpoint" name="test_nakshatra_padas_moon_data" time="0.102" /><testcase classname="tests.test_zenith_oracle_apis.TestVedicBirthChartEndpoint" name="test_vedic_birth_chart_returns_200" time="0.139" /><testcase classname="tests.test_zenith_oracle_apis.TestVedicBirthChartEndpoint" name="test_vedic_birth_chart_structure" time="0.121" /><testcase classname="tests.test_zenith_oracle_apis.TestInputValidation" name="test_pancha_pakshi_missing_name" time="0.107" /><testcase classname="tests.test_zenith_oracle_apis.TestInputValidation" name="test_pancha_pakshi_invalid_date_format" time="0.105" /><testcase classname="tests.test_zenith_oracle_apis.TestInputValidation" name="test_pancha_pakshi_invalid_latitude" time="0.112" /></testsuite></testsuites>