<?xml version="1.0" encoding="utf-8"?><testsuites name="pytest tests"><testsuite name="pytest" errors="0" failures="0" skipped="0" tests="48" time="5.575" timestamp="2026-03-31T11:18:12.560315+00:00" hostname="agent-env-66e3231c-1fca-464b-bca0-187ae7fd1823"><testcase classname="backend.tests.test_comprehensive_predictions.TestVedicBirthChart" name="test_vedic_chart_returns_200" time="0.276" /><testcase classname="backend.tests.test_comprehensive_predictions.TestVedicBirthChart" name="test_vedic_chart_structure" time="0.096" /><testcase classname="backend.tests.test_comprehensive_predictions.TestVedicBirthChart" name="test_vedic_chart_planets_count" time="0.105" /><testcase classname="backend.tests.test_comprehensive_predictions.TestVedicBirthChart" name="test_vedic_chart_ascendant_pisces" time="0.098" /><testcase classname="backend.tests.test_comprehensive_predictions.TestVedicBirthChart" name="test_vedic_chart_nakshatra" time="0.096" /><testcase classname="backend.tests.test_comprehensive_predictions.TestVedicBirthChart" name="test_vedic_chart_saturn_dasha" time="0.116" /><testcase classname="backend.tests.test_comprehensive_predictions.TestVedicBirthChart" name="test_vedic_chart_power_score_range" time="0.108" /><testcase classname="backend.tests.test_comprehensive_predictions.TestWesternBirthChart" name="test_western_chart_returns_200" time="0.122" /><testcase classname="backend.tests.test_comprehensive_predictions.TestWesternBirthChart" name="test_western_chart_structure" time="0.112" /><testcase classname="backend.tests.test_comprehensive_predictions.TestWesternBirthChart" name="test_western_chart_planets_count" time="0.101" /><testcase classname="backend.tests.test_comprehensive_predictions.TestWesternBirthChart" name="test_western_chart_ascendant_aquarius" time="0.105" /><testcase classname="backend.tests.test_comprehensive_predictions.TestChineseAstrology" name="test_chinese_returns_200" time="0.113" /><testcase classname="backend.tests.test_comprehensive_predictions.TestChineseAstrology" name="test_chinese_structure" time="0.102" /><testcase classname="backend.tests.test_comprehensive_predictions.TestChineseAstrology" name="test_chinese_horse_metal_yang" time="0.139" /><testcase classname="backend.tests.test_comprehensive_predictions.TestChineseAstrology" name="test_chinese_lucky_numbers_array" time="0.098" /><testcase classname="backend.tests.test_comprehensive_predictions.TestNumerology" name="test_numerology_returns_200" time="0.098" /><testcase classname="backend.tests.test_comprehensive_predictions.TestNumerology" name="test_numerology_structure" time="0.104" /><testcase classname="backend.tests.test_comprehensive_predictions.TestNumerology" name="test_numerology_values_for_roy" time="0.147" /><testcase classname="backend.tests.test_comprehensive_predictions.TestNumerology" name="test_numerology_interpretation_not_empty" time="0.111" /><testcase classname="backend.tests.test_comprehensive_predictions.TestTarotReading" name="test_tarot_returns_200" time="0.108" /><testcase classname="backend.tests.test_comprehensive_predictions.TestTarotReading" name="test_tarot_structure" time="0.099" /><testcase classname="backend.tests.test_comprehensive_predictions.TestTarotReading" name="test_tarot_card_structure" time="0.104" /><testcase classname="backend.tests.test_comprehensive_predictions.TestTarotReading" name="test_tarot_num_cards_range" time="0.292" /><testcase classname="backend.tests.test_comprehensive_predictions.TestOracleFeed" name="test_oracle_feed_returns_200" time="0.094" /><testcase classname="backend.tests.test_comprehensive_predictions.TestOracleFeed" name="test_oracle_feed_structure" time="0.114" /><testcase classname="backend.tests.test_comprehensive_predictions.TestOracleFeed" name="test_oracle_feed_psychic_update" time="0.103" /><testcase classname="backend.tests.test_comprehensive_predictions.TestOracleFeed" name="test_oracle_feed_transit_alerts_array" time="0.096" /><testcase classname="backend.tests.test_comprehensive_predictions.TestOracleFeed" name="test_oracle_feed_current_transits" time="0.105" /><testcase classname="backend.tests.test_comprehensive_predictions.TestPanchaPakshi" name="test_pancha_pakshi_returns_200" time="0.111" /><testcase classname="backend.tests.test_comprehensive_predictions.TestPanchaPakshi" name="test_pancha_pakshi_structure" time="0.108" /><testcase classname="backend.tests.test_comprehensive_predictions.TestPanchaPakshi" name="test_pancha_pakshi_bird_fields" time="0.105" /><testcase classname="backend.tests.test_comprehensive_predictions.TestPanchaPakshi" name="test_pancha_pakshi_vulture" time="0.098" /><testcase classname="backend.tests.test_comprehensive_predictions.TestPanchaPakshi" name="test_pancha_pakshi_power_level_range" time="0.099" /><testcase classname="backend.tests.test_comprehensive_predictions.TestSovereignVerdict" name="test_sovereign_verdict_returns_200" time="0.102" /><testcase classname="backend.tests.test_comprehensive_predictions.TestSovereignVerdict" name="test_sovereign_verdict_structure" time="0.106" /><testcase classname="backend.tests.test_comprehensive_predictions.TestSovereignVerdict" name="test_sovereign_verdict_alignment_confidence" time="0.101" /><testcase classname="backend.tests.test_comprehensive_predictions.TestSovereignVerdict" name="test_cross_module_links_saturn_8_hermit_world" time="0.103" /><testcase classname="backend.tests.test_comprehensive_predictions.TestAkashicEchoes" name="test_akashic_echoes_returns_200" time="0.116" /><testcase classname="backend.tests.test_comprehensive_predictions.TestAkashicEchoes" name="test_akashic_echoes_structure" time="0.098" /><testcase classname="backend.tests.test_comprehensive_predictions.TestAkashicEchoes" name="test_akashic_ketu_in_cancer" time="0.109" /><testcase classname="backend.tests.test_comprehensive_predictions.TestDataIntegrity" name="test_data_integrity_returns_200" time="0.100" /><testcase classname="backend.tests.test_comprehensive_predictions.TestDataIntegrity" name="test_data_integrity_structure" time="0.120" /><testcase classname="backend.tests.test_comprehensive_predictions.TestDataIntegrity" name="test_data_integrity_dms_format" time="0.097" /><testcase classname="backend.tests.test_comprehensive_predictions.TestSovereignIdentity" name="test_sovereign_identity_returns_200" time="0.099" /><testcase classname="backend.tests.test_comprehensive_predictions.TestSovereignIdentity" name="test_sovereign_identity_structure" time="0.127" /><testcase classname="backend.tests.test_comprehensive_predictions.TestHealthAndEngine" name="test_health_returns_200" time="0.094" /><testcase classname="backend.tests.test_comprehensive_predictions.TestHealthAndEngine" name="test_engine_status_returns_200" time="0.102" /><testcase classname="backend.tests.test_comprehensive_predictions.TestHealthAndEngine" name="test_engine_status_swiss_ephemeris" time="0.097" /></testsuite></testsuites>